date:2017-10-21 17:20:32
message:build cupboard error
link:http://67.220.93.4/forum/thread-10041729-1-6.html
TypeError
Cannot read property '0' of null
TypeError: Cannot read property '0' of null
    at buildCupboard (D:\Exercise\torrent-thief\modules\builder.js:146:58)
    at Object.module.exports.cupboard (D:\Exercise\torrent-thief\modules\builder.js:202:18)
    at pilferRoom (D:\Exercise\torrent-thief\modules\thief.js:41:40)
    at pilferRoom (D:\Exercise\torrent-thief\modules\thief.js:37:33)
    at pilferRoom (D:\Exercise\torrent-thief\modules\thief.js:37:33)
    at pilferRoom (D:\Exercise\torrent-thief\modules\thief.js:37:33)
    at pilferRoom (D:\Exercise\torrent-thief\modules\thief.js:37:33)
    at pilferRoom (D:\Exercise\torrent-thief\modules\thief.js:37:33)
    at Thief.pilfer (D:\Exercise\torrent-thief\modules\thief.js:106:9)
    at Object.<anonymous> (D:\Exercise\torrent-thief\start.js:11:14)
-----------------------------------------------
date:2017-10-21 17:33:32
message:build cupboard error
link:http://67.220.93.4/forum/thread-10040342-1-7.html
TypeError
Cannot read property '0' of null
TypeError: Cannot read property '0' of null
    at buildCupboard (D:\Exercise\torrent-thief\modules\builder.js:146:58)
    at Object.module.exports.cupboard (D:\Exercise\torrent-thief\modules\builder.js:202:18)
    at pilferRoom (D:\Exercise\torrent-thief\modules\thief.js:41:40)
    at pilferRoom (D:\Exercise\torrent-thief\modules\thief.js:37:33)
    at pilferRoom (D:\Exercise\torrent-thief\modules\thief.js:37:33)
    at pilferRoom (D:\Exercise\torrent-thief\modules\thief.js:37:33)
    at pilferRoom (D:\Exercise\torrent-thief\modules\thief.js:37:33)
    at pilferRoom (D:\Exercise\torrent-thief\modules\thief.js:37:33)
    at pilferRoom (D:\Exercise\torrent-thief\modules\thief.js:37:33)
    at Thief.pilfer (D:\Exercise\torrent-thief\modules\thief.js:106:9)
-----------------------------------------------
date:2017-10-21 18:14:31
message:build cupboard error
link:http://67.220.93.4/forum/thread-10037622-1-11.html
TypeError
Cannot read property '0' of null
TypeError: Cannot read property '0' of null
    at buildCupboard (D:\Exercise\torrent-thief\modules\builder.js:146:58)
    at Object.module.exports.cupboard (D:\Exercise\torrent-thief\modules\builder.js:202:18)
    at pilferRoom (D:\Exercise\torrent-thief\modules\thief.js:41:40)
    at pilferRoom (D:\Exercise\torrent-thief\modules\thief.js:37:33)
    at pilferRoom (D:\Exercise\torrent-thief\modules\thief.js:37:33)
    at pilferRoom (D:\Exercise\torrent-thief\modules\thief.js:37:33)
    at pilferRoom (D:\Exercise\torrent-thief\modules\thief.js:37:33)
    at pilferRoom (D:\Exercise\torrent-thief\modules\thief.js:37:33)
    at pilferRoom (D:\Exercise\torrent-thief\modules\thief.js:37:33)
    at pilferRoom (D:\Exercise\torrent-thief\modules\thief.js:37:33)
-----------------------------------------------
date:2017-10-21 19:23:41
message:build cupboard error
link:http://67.220.93.4/forum/thread-10031928-1-17.html
TypeError
Cannot read property '0' of null
TypeError: Cannot read property '0' of null
    at buildCupboard (D:\Exercise\torrent-thief\modules\builder.js:146:58)
    at Object.module.exports.cupboard (D:\Exercise\torrent-thief\modules\builder.js:202:18)
    at pilferRoom (D:\Exercise\torrent-thief\modules\thief.js:41:40)
    at pilferRoom (D:\Exercise\torrent-thief\modules\thief.js:37:33)
    at pilferRoom (D:\Exercise\torrent-thief\modules\thief.js:37:33)
    at pilferRoom (D:\Exercise\torrent-thief\modules\thief.js:37:33)
    at pilferRoom (D:\Exercise\torrent-thief\modules\thief.js:37:33)
    at pilferRoom (D:\Exercise\torrent-thief\modules\thief.js:37:33)
    at pilferRoom (D:\Exercise\torrent-thief\modules\thief.js:37:33)
    at pilferRoom (D:\Exercise\torrent-thief\modules\thief.js:37:33)
-----------------------------------------------
date:2017-10-21 19:47:04
message:build cupboard error
link:http://67.220.93.4/forum/thread-10037161-1-19.html
TypeError
Cannot read property '0' of null
TypeError: Cannot read property '0' of null
    at buildCupboard (D:\Exercise\torrent-thief\modules\builder.js:146:58)
    at Object.module.exports.cupboard (D:\Exercise\torrent-thief\modules\builder.js:202:18)
    at pilferRoom (D:\Exercise\torrent-thief\modules\thief.js:41:40)
    at pilferRoom (D:\Exercise\torrent-thief\modules\thief.js:37:33)
    at pilferRoom (D:\Exercise\torrent-thief\modules\thief.js:37:33)
    at pilferRoom (D:\Exercise\torrent-thief\modules\thief.js:37:33)
    at pilferRoom (D:\Exercise\torrent-thief\modules\thief.js:37:33)
    at pilferRoom (D:\Exercise\torrent-thief\modules\thief.js:37:33)
    at pilferRoom (D:\Exercise\torrent-thief\modules\thief.js:37:33)
    at pilferRoom (D:\Exercise\torrent-thief\modules\thief.js:37:33)
-----------------------------------------------
date:2017-10-21 22:27:04
message:build cupboard error
link:http://67.220.93.4/forum/thread-10027069-1-33.html
TypeError
Cannot read property '0' of null
TypeError: Cannot read property '0' of null
    at buildCupboard (D:\Exercise\torrent-thief\modules\builder.js:146:58)
    at Object.module.exports.cupboard (D:\Exercise\torrent-thief\modules\builder.js:202:18)
    at pilferRoom (D:\Exercise\torrent-thief\modules\thief.js:41:40)
    at pilferRoom (D:\Exercise\torrent-thief\modules\thief.js:37:33)
    at pilferRoom (D:\Exercise\torrent-thief\modules\thief.js:37:33)
    at pilferRoom (D:\Exercise\torrent-thief\modules\thief.js:37:33)
    at pilferRoom (D:\Exercise\torrent-thief\modules\thief.js:37:33)
    at pilferRoom (D:\Exercise\torrent-thief\modules\thief.js:37:33)
    at pilferRoom (D:\Exercise\torrent-thief\modules\thief.js:37:33)
    at pilferRoom (D:\Exercise\torrent-thief\modules\thief.js:37:33)
-----------------------------------------------
date:2017-10-21 22:27:06
message:build cupboard error
link:http://67.220.93.4/forum/thread-10027069-1-33.html
TypeError
Cannot read property '0' of null
TypeError: Cannot read property '0' of null
    at buildCupboard (D:\Exercise\torrent-thief\modules\builder.js:146:58)
    at Object.module.exports.cupboard (D:\Exercise\torrent-thief\modules\builder.js:205:22)
    at pilferRoom (D:\Exercise\torrent-thief\modules\thief.js:41:40)
    at pilferRoom (D:\Exercise\torrent-thief\modules\thief.js:37:33)
    at pilferRoom (D:\Exercise\torrent-thief\modules\thief.js:37:33)
    at pilferRoom (D:\Exercise\torrent-thief\modules\thief.js:37:33)
    at pilferRoom (D:\Exercise\torrent-thief\modules\thief.js:37:33)
    at pilferRoom (D:\Exercise\torrent-thief\modules\thief.js:37:33)
    at pilferRoom (D:\Exercise\torrent-thief\modules\thief.js:37:33)
    at pilferRoom (D:\Exercise\torrent-thief\modules\thief.js:37:33)
-----------------------------------------------
date:2017-10-21 22:27:08
message:build cupboard error
link:http://67.220.93.4/forum/thread-10027069-1-33.html
TypeError
Cannot read property '0' of null
TypeError: Cannot read property '0' of null
    at buildCupboard (D:\Exercise\torrent-thief\modules\builder.js:146:58)
    at Object.module.exports.cupboard (D:\Exercise\torrent-thief\modules\builder.js:205:22)
    at pilferRoom (D:\Exercise\torrent-thief\modules\thief.js:41:40)
    at pilferRoom (D:\Exercise\torrent-thief\modules\thief.js:37:33)
    at pilferRoom (D:\Exercise\torrent-thief\modules\thief.js:37:33)
    at pilferRoom (D:\Exercise\torrent-thief\modules\thief.js:37:33)
    at pilferRoom (D:\Exercise\torrent-thief\modules\thief.js:37:33)
    at pilferRoom (D:\Exercise\torrent-thief\modules\thief.js:37:33)
    at pilferRoom (D:\Exercise\torrent-thief\modules\thief.js:37:33)
    at pilferRoom (D:\Exercise\torrent-thief\modules\thief.js:37:33)
-----------------------------------------------
date:2017-10-21 22:27:11
message:build cupboard error
link:http://67.220.93.4/forum/thread-10027069-1-33.html
TypeError
Cannot read property '0' of null
TypeError: Cannot read property '0' of null
    at buildCupboard (D:\Exercise\torrent-thief\modules\builder.js:146:58)
    at Object.module.exports.cupboard (D:\Exercise\torrent-thief\modules\builder.js:205:22)
    at pilferRoom (D:\Exercise\torrent-thief\modules\thief.js:41:40)
    at pilferRoom (D:\Exercise\torrent-thief\modules\thief.js:37:33)
    at pilferRoom (D:\Exercise\torrent-thief\modules\thief.js:37:33)
    at pilferRoom (D:\Exercise\torrent-thief\modules\thief.js:37:33)
    at pilferRoom (D:\Exercise\torrent-thief\modules\thief.js:37:33)
    at pilferRoom (D:\Exercise\torrent-thief\modules\thief.js:37:33)
    at pilferRoom (D:\Exercise\torrent-thief\modules\thief.js:37:33)
    at pilferRoom (D:\Exercise\torrent-thief\modules\thief.js:37:33)
-----------------------------------------------
date:2017-10-21 22:39:16
message:build cupboard error
link:http://67.220.93.4/forum/thread-10029248-1-35.html
TypeError
Cannot read property '0' of null
TypeError: Cannot read property '0' of null
    at buildCupboard (D:\Exercise\torrent-thief\modules\builder.js:146:58)
    at Object.module.exports.cupboard (D:\Exercise\torrent-thief\modules\builder.js:202:18)
    at pilferRoom (D:\Exercise\torrent-thief\modules\thief.js:41:40)
    at pilferRoom (D:\Exercise\torrent-thief\modules\thief.js:37:33)
    at pilferRoom (D:\Exercise\torrent-thief\modules\thief.js:37:33)
    at pilferRoom (D:\Exercise\torrent-thief\modules\thief.js:37:33)
    at pilferRoom (D:\Exercise\torrent-thief\modules\thief.js:37:33)
    at pilferRoom (D:\Exercise\torrent-thief\modules\thief.js:37:33)
    at pilferRoom (D:\Exercise\torrent-thief\modules\thief.js:37:33)
    at pilferRoom (D:\Exercise\torrent-thief\modules\thief.js:37:33)
-----------------------------------------------
date:2017-10-21 22:39:19
message:build cupboard error
link:http://67.220.93.4/forum/thread-10029248-1-35.html
TypeError
Cannot read property '0' of null
TypeError: Cannot read property '0' of null
    at buildCupboard (D:\Exercise\torrent-thief\modules\builder.js:146:58)
    at Object.module.exports.cupboard (D:\Exercise\torrent-thief\modules\builder.js:205:22)
    at pilferRoom (D:\Exercise\torrent-thief\modules\thief.js:41:40)
    at pilferRoom (D:\Exercise\torrent-thief\modules\thief.js:37:33)
    at pilferRoom (D:\Exercise\torrent-thief\modules\thief.js:37:33)
    at pilferRoom (D:\Exercise\torrent-thief\modules\thief.js:37:33)
    at pilferRoom (D:\Exercise\torrent-thief\modules\thief.js:37:33)
    at pilferRoom (D:\Exercise\torrent-thief\modules\thief.js:37:33)
    at pilferRoom (D:\Exercise\torrent-thief\modules\thief.js:37:33)
    at pilferRoom (D:\Exercise\torrent-thief\modules\thief.js:37:33)
-----------------------------------------------
date:2017-10-21 22:39:21
message:build cupboard error
link:http://67.220.93.4/forum/thread-10029248-1-35.html
TypeError
Cannot read property '0' of null
TypeError: Cannot read property '0' of null
    at buildCupboard (D:\Exercise\torrent-thief\modules\builder.js:146:58)
    at Object.module.exports.cupboard (D:\Exercise\torrent-thief\modules\builder.js:205:22)
    at pilferRoom (D:\Exercise\torrent-thief\modules\thief.js:41:40)
    at pilferRoom (D:\Exercise\torrent-thief\modules\thief.js:37:33)
    at pilferRoom (D:\Exercise\torrent-thief\modules\thief.js:37:33)
    at pilferRoom (D:\Exercise\torrent-thief\modules\thief.js:37:33)
    at pilferRoom (D:\Exercise\torrent-thief\modules\thief.js:37:33)
    at pilferRoom (D:\Exercise\torrent-thief\modules\thief.js:37:33)
    at pilferRoom (D:\Exercise\torrent-thief\modules\thief.js:37:33)
    at pilferRoom (D:\Exercise\torrent-thief\modules\thief.js:37:33)
-----------------------------------------------
date:2017-10-21 22:39:23
message:build cupboard error
link:http://67.220.93.4/forum/thread-10029248-1-35.html
TypeError
Cannot read property '0' of null
TypeError: Cannot read property '0' of null
    at buildCupboard (D:\Exercise\torrent-thief\modules\builder.js:146:58)
    at Object.module.exports.cupboard (D:\Exercise\torrent-thief\modules\builder.js:205:22)
    at pilferRoom (D:\Exercise\torrent-thief\modules\thief.js:41:40)
    at pilferRoom (D:\Exercise\torrent-thief\modules\thief.js:37:33)
    at pilferRoom (D:\Exercise\torrent-thief\modules\thief.js:37:33)
    at pilferRoom (D:\Exercise\torrent-thief\modules\thief.js:37:33)
    at pilferRoom (D:\Exercise\torrent-thief\modules\thief.js:37:33)
    at pilferRoom (D:\Exercise\torrent-thief\modules\thief.js:37:33)
    at pilferRoom (D:\Exercise\torrent-thief\modules\thief.js:37:33)
    at pilferRoom (D:\Exercise\torrent-thief\modules\thief.js:37:33)
-----------------------------------------------
date:2017-10-21 22:41:09
message:build cupboard error
link:http://67.220.93.4/forum/thread-10029224-1-35.html
TypeError
Cannot read property '0' of null
TypeError: Cannot read property '0' of null
    at buildCupboard (D:\Exercise\torrent-thief\modules\builder.js:146:58)
    at Object.module.exports.cupboard (D:\Exercise\torrent-thief\modules\builder.js:202:18)
    at pilferRoom (D:\Exercise\torrent-thief\modules\thief.js:41:40)
    at pilferRoom (D:\Exercise\torrent-thief\modules\thief.js:37:33)
    at pilferRoom (D:\Exercise\torrent-thief\modules\thief.js:37:33)
    at pilferRoom (D:\Exercise\torrent-thief\modules\thief.js:37:33)
    at pilferRoom (D:\Exercise\torrent-thief\modules\thief.js:37:33)
    at pilferRoom (D:\Exercise\torrent-thief\modules\thief.js:37:33)
    at pilferRoom (D:\Exercise\torrent-thief\modules\thief.js:37:33)
    at pilferRoom (D:\Exercise\torrent-thief\modules\thief.js:37:33)
-----------------------------------------------
date:2017-10-21 22:41:11
message:build cupboard error
link:http://67.220.93.4/forum/thread-10029224-1-35.html
TypeError
Cannot read property '0' of null
TypeError: Cannot read property '0' of null
    at buildCupboard (D:\Exercise\torrent-thief\modules\builder.js:146:58)
    at Object.module.exports.cupboard (D:\Exercise\torrent-thief\modules\builder.js:205:22)
    at pilferRoom (D:\Exercise\torrent-thief\modules\thief.js:41:40)
    at pilferRoom (D:\Exercise\torrent-thief\modules\thief.js:37:33)
    at pilferRoom (D:\Exercise\torrent-thief\modules\thief.js:37:33)
    at pilferRoom (D:\Exercise\torrent-thief\modules\thief.js:37:33)
    at pilferRoom (D:\Exercise\torrent-thief\modules\thief.js:37:33)
    at pilferRoom (D:\Exercise\torrent-thief\modules\thief.js:37:33)
    at pilferRoom (D:\Exercise\torrent-thief\modules\thief.js:37:33)
    at pilferRoom (D:\Exercise\torrent-thief\modules\thief.js:37:33)
-----------------------------------------------
date:2017-10-21 22:41:14
message:build cupboard error
link:http://67.220.93.4/forum/thread-10029224-1-35.html
TypeError
Cannot read property '0' of null
TypeError: Cannot read property '0' of null
    at buildCupboard (D:\Exercise\torrent-thief\modules\builder.js:146:58)
    at Object.module.exports.cupboard (D:\Exercise\torrent-thief\modules\builder.js:205:22)
    at pilferRoom (D:\Exercise\torrent-thief\modules\thief.js:41:40)
    at pilferRoom (D:\Exercise\torrent-thief\modules\thief.js:37:33)
    at pilferRoom (D:\Exercise\torrent-thief\modules\thief.js:37:33)
    at pilferRoom (D:\Exercise\torrent-thief\modules\thief.js:37:33)
    at pilferRoom (D:\Exercise\torrent-thief\modules\thief.js:37:33)
    at pilferRoom (D:\Exercise\torrent-thief\modules\thief.js:37:33)
    at pilferRoom (D:\Exercise\torrent-thief\modules\thief.js:37:33)
    at pilferRoom (D:\Exercise\torrent-thief\modules\thief.js:37:33)
-----------------------------------------------
date:2017-10-21 22:41:16
message:build cupboard error
link:http://67.220.93.4/forum/thread-10029224-1-35.html
TypeError
Cannot read property '0' of null
TypeError: Cannot read property '0' of null
    at buildCupboard (D:\Exercise\torrent-thief\modules\builder.js:146:58)
    at Object.module.exports.cupboard (D:\Exercise\torrent-thief\modules\builder.js:205:22)
    at pilferRoom (D:\Exercise\torrent-thief\modules\thief.js:41:40)
    at pilferRoom (D:\Exercise\torrent-thief\modules\thief.js:37:33)
    at pilferRoom (D:\Exercise\torrent-thief\modules\thief.js:37:33)
    at pilferRoom (D:\Exercise\torrent-thief\modules\thief.js:37:33)
    at pilferRoom (D:\Exercise\torrent-thief\modules\thief.js:37:33)
    at pilferRoom (D:\Exercise\torrent-thief\modules\thief.js:37:33)
    at pilferRoom (D:\Exercise\torrent-thief\modules\thief.js:37:33)
    at pilferRoom (D:\Exercise\torrent-thief\modules\thief.js:37:33)
-----------------------------------------------
date:2017-10-21 23:13:49
message:build cupboard error
link:http://67.220.93.4/forum/thread-10027860-1-38.html
TypeError
Cannot read property '0' of null
TypeError: Cannot read property '0' of null
    at buildCupboard (D:\Exercise\torrent-thief\modules\builder.js:146:58)
    at Object.module.exports.cupboard (D:\Exercise\torrent-thief\modules\builder.js:202:18)
    at pilferRoom (D:\Exercise\torrent-thief\modules\thief.js:41:40)
    at pilferRoom (D:\Exercise\torrent-thief\modules\thief.js:37:33)
    at pilferRoom (D:\Exercise\torrent-thief\modules\thief.js:37:33)
    at pilferRoom (D:\Exercise\torrent-thief\modules\thief.js:37:33)
    at pilferRoom (D:\Exercise\torrent-thief\modules\thief.js:37:33)
    at pilferRoom (D:\Exercise\torrent-thief\modules\thief.js:37:33)
    at pilferRoom (D:\Exercise\torrent-thief\modules\thief.js:37:33)
    at pilferRoom (D:\Exercise\torrent-thief\modules\thief.js:37:33)
-----------------------------------------------
date:2017-10-21 23:13:52
message:build cupboard error
link:http://67.220.93.4/forum/thread-10027860-1-38.html
TypeError
Cannot read property '0' of null
TypeError: Cannot read property '0' of null
    at buildCupboard (D:\Exercise\torrent-thief\modules\builder.js:146:58)
    at Object.module.exports.cupboard (D:\Exercise\torrent-thief\modules\builder.js:205:22)
    at pilferRoom (D:\Exercise\torrent-thief\modules\thief.js:41:40)
    at pilferRoom (D:\Exercise\torrent-thief\modules\thief.js:37:33)
    at pilferRoom (D:\Exercise\torrent-thief\modules\thief.js:37:33)
    at pilferRoom (D:\Exercise\torrent-thief\modules\thief.js:37:33)
    at pilferRoom (D:\Exercise\torrent-thief\modules\thief.js:37:33)
    at pilferRoom (D:\Exercise\torrent-thief\modules\thief.js:37:33)
    at pilferRoom (D:\Exercise\torrent-thief\modules\thief.js:37:33)
    at pilferRoom (D:\Exercise\torrent-thief\modules\thief.js:37:33)
-----------------------------------------------
date:2017-10-21 23:13:54
message:build cupboard error
link:http://67.220.93.4/forum/thread-10027860-1-38.html
TypeError
Cannot read property '0' of null
TypeError: Cannot read property '0' of null
    at buildCupboard (D:\Exercise\torrent-thief\modules\builder.js:146:58)
    at Object.module.exports.cupboard (D:\Exercise\torrent-thief\modules\builder.js:205:22)
    at pilferRoom (D:\Exercise\torrent-thief\modules\thief.js:41:40)
    at pilferRoom (D:\Exercise\torrent-thief\modules\thief.js:37:33)
    at pilferRoom (D:\Exercise\torrent-thief\modules\thief.js:37:33)
    at pilferRoom (D:\Exercise\torrent-thief\modules\thief.js:37:33)
    at pilferRoom (D:\Exercise\torrent-thief\modules\thief.js:37:33)
    at pilferRoom (D:\Exercise\torrent-thief\modules\thief.js:37:33)
    at pilferRoom (D:\Exercise\torrent-thief\modules\thief.js:37:33)
    at pilferRoom (D:\Exercise\torrent-thief\modules\thief.js:37:33)
-----------------------------------------------
date:2017-10-21 23:13:56
message:build cupboard error
link:http://67.220.93.4/forum/thread-10027860-1-38.html
TypeError
Cannot read property '0' of null
TypeError: Cannot read property '0' of null
    at buildCupboard (D:\Exercise\torrent-thief\modules\builder.js:146:58)
    at Object.module.exports.cupboard (D:\Exercise\torrent-thief\modules\builder.js:205:22)
    at pilferRoom (D:\Exercise\torrent-thief\modules\thief.js:41:40)
    at pilferRoom (D:\Exercise\torrent-thief\modules\thief.js:37:33)
    at pilferRoom (D:\Exercise\torrent-thief\modules\thief.js:37:33)
    at pilferRoom (D:\Exercise\torrent-thief\modules\thief.js:37:33)
    at pilferRoom (D:\Exercise\torrent-thief\modules\thief.js:37:33)
    at pilferRoom (D:\Exercise\torrent-thief\modules\thief.js:37:33)
    at pilferRoom (D:\Exercise\torrent-thief\modules\thief.js:37:33)
    at pilferRoom (D:\Exercise\torrent-thief\modules\thief.js:37:33)
-----------------------------------------------
